Contents of ATL_schedule_content
16
Contents of BKN_schedule_content
16
Contents of BOS_schedule_content
16
Contents of CHA_schedule_content
18
Contents of CHI_schedule_content
16
Contents of CLE_schedule_content
17
Contents of DAL_schedule_content
16
Contents of DEN_schedule_content
16
Contents of DET_schedule_content
17
Contents of GSW_schedule_content
17
Contents of HOU_schedule_content
17
Contents of IND_schedule_content
17
Contents of LAC_schedule_content
17
Contents of LAL_schedule_content
17
Contents of MEM_schedule_content
17
Contents of MIA_schedule_content
17
Contents of MIL_schedule_content
18
Contents of MIN_schedule_content
16
Contents of NO_schedule_content
16
Contents of NYK_schedule_content
16
Contents of OKC_schedule_content
17
Contents of ORL_schedule_content
16
Contents of PHI_schedule_content
17
Contents of PHX_schedule_content
17
Contents of POR_schedule_content
16
Contents of SAC_schedule_content
17
Contents of SAS_schedule_content
18
Contents of TOR_schedule_content
17
Contents of UTAH_schedule_content
17
Contents of WAS_schedule_content
17
All scripts have finished executing.
