2025-02-02 02:26:37 - Scraping data...
ATL 2025 has been completed!!!
Running script for: team=BOS, year=2025
2025-02-02 02:26:37 - Scraping data...
2025-02-02 02:26:43 - Scraping data...
BOS 2025 has been completed!!!
Running script for: team=BKN, year=2025
2025-02-02 02:26:43 - Scraping data...
2025-02-02 02:26:50 - Scraping data...
BKN 2025 has been completed!!!
Running script for: team=CHA, year=2025
2025-02-02 02:26:50 - Scraping data...
2025-02-02 02:26:56 - Scraping data...
CHA 2025 has been completed!!!
Running script for: team=CHI, year=2025
2025-02-02 02:26:56 - Scraping data...
2025-02-02 02:27:03 - Scraping data...
CHI 2025 has been completed!!!
Running script for: team=CLE, year=2025
2025-02-02 02:27:03 - Scraping data...
2025-02-02 02:27:10 - Scraping data...
CLE 2025 has been completed!!!
Running script for: team=DAL, year=2025
2025-02-02 02:27:10 - Scraping data...
2025-02-02 02:27:16 - Scraping data...
DAL 2025 has been completed!!!
Running script for: team=DEN, year=2025
2025-02-02 02:27:16 - Scraping data...
2025-02-02 02:27:21 - Scraping data...
DEN 2025 has been completed!!!
Running script for: team=DET, year=2025
2025-02-02 02:27:21 - Scraping data...
2025-02-02 02:27:26 - Scraping data...
DET 2025 has been completed!!!
Running script for: team=GSW, year=2025
2025-02-02 02:27:26 - Scraping data...
2025-02-02 02:27:32 - Scraping data...
GSW 2025 has been completed!!!
Running script for: team=HOU, year=2025
2025-02-02 02:27:32 - Scraping data...
2025-02-02 02:27:39 - Scraping data...
HOU 2025 has been completed!!!
Running script for: team=IND, year=2025
2025-02-02 02:27:39 - Scraping data...
2025-02-02 02:27:44 - Scraping data...
IND 2025 has been completed!!!
Running script for: team=LAC, year=2025
2025-02-02 02:27:44 - Scraping data...
2025-02-02 02:27:50 - Scraping data...
LAC 2025 has been completed!!!
Running script for: team=LAL, year=2025
2025-02-02 02:27:50 - Scraping data...
2025-02-02 02:27:56 - Scraping data...
LAL 2025 has been completed!!!
Running script for: team=MEM, year=2025
2025-02-02 02:27:56 - Scraping data...
2025-02-02 02:28:03 - Scraping data...
MEM 2025 has been completed!!!
Running script for: team=MIA, year=2025
2025-02-02 02:28:03 - Scraping data...
2025-02-02 02:28:08 - Scraping data...
MIA 2025 has been completed!!!
Running script for: team=MIL, year=2025
2025-02-02 02:28:08 - Scraping data...
2025-02-02 02:28:15 - Scraping data...
MIL 2025 has been completed!!!
Running script for: team=MIN, year=2025
2025-02-02 02:28:15 - Scraping data...
2025-02-02 02:28:22 - Scraping data...
MIN 2025 has been completed!!!
Running script for: team=NO, year=2025
2025-02-02 02:28:22 - Scraping data...
2025-02-02 02:28:27 - Scraping data...
NO 2025 has been completed!!!
Running script for: team=NYK, year=2025
2025-02-02 02:28:27 - Scraping data...
2025-02-02 02:28:34 - Scraping data...
NYK 2025 has been completed!!!
Running script for: team=OKC, year=2025
2025-02-02 02:28:34 - Scraping data...
2025-02-02 02:29:42 - Scraping data...
OKC 2025 has been completed!!!
Running script for: team=ORL, year=2025
2025-02-02 02:29:42 - Scraping data...
2025-02-02 02:29:47 - Scraping data...
ORL 2025 has been completed!!!
Running script for: team=PHI, year=2025
2025-02-02 02:29:47 - Scraping data...
2025-02-02 02:29:53 - Scraping data...
PHI 2025 has been completed!!!
Running script for: team=PHX, year=2025
2025-02-02 02:29:53 - Scraping data...
2025-02-02 02:29:59 - Scraping data...
PHX 2025 has been completed!!!
Running script for: team=POR, year=2025
2025-02-02 02:29:59 - Scraping data...
2025-02-02 02:30:06 - Scraping data...
POR 2025 has been completed!!!
Running script for: team=SAC, year=2025
2025-02-02 02:30:06 - Scraping data...
2025-02-02 02:30:12 - Scraping data...
SAC 2025 has been completed!!!
Running script for: team=SAS, year=2025
2025-02-02 02:30:12 - Scraping data...
2025-02-02 02:30:18 - Scraping data...
SAS 2025 has been completed!!!
Running script for: team=TOR, year=2025
2025-02-02 02:30:18 - Scraping data...
2025-02-02 02:30:26 - Scraping data...
TOR 2025 has been completed!!!
Running script for: team=UTAH, year=2025
2025-02-02 02:30:26 - Scraping data...
2025-02-02 02:30:31 - Scraping data...
UTAH 2025 has been completed!!!
Running script for: team=WAS, year=2025
2025-02-02 02:30:31 - Scraping data...
2025-02-02 02:30:37 - Scraping data...
2025-02-02 02:30:37 - Scraping data...
WAS 2025 has been completed!!!
All scripts have finished executing.
