Contents of ATL_schedule_content
20
Contents of BKN_schedule_content
19
Contents of BOS_schedule_content
20
Contents of CHA_schedule_content
22
Contents of CHI_schedule_content
19
Contents of CLE_schedule_content
20
Contents of DAL_schedule_content
20
Contents of DEN_schedule_content
20
Contents of DET_schedule_content
20
Contents of GSW_schedule_content
20
Contents of HOU_schedule_content
20
Contents of IND_schedule_content
19
Contents of LAC_schedule_content
20
Contents of LAL_schedule_content
20
Contents of MEM_schedule_content
20
Contents of MIA_schedule_content
20
Contents of MIL_schedule_content
20
Contents of MIN_schedule_content
20
Contents of NO_schedule_content
19
Contents of NYK_schedule_content
19
Contents of OKC_schedule_content
20
Contents of ORL_schedule_content
19
Contents of PHI_schedule_content
20
Contents of PHX_schedule_content
20
Contents of POR_schedule_content
20
Contents of SAC_schedule_content
20
Contents of SAS_schedule_content
20
Contents of TOR_schedule_content
20
Contents of UTAH_schedule_content
21
Contents of WAS_schedule_content
20
