BOS 2025 has been completed!!!
2025-01-20 03:12:04 - Scraping data...
2025-01-20 03:12:04 - Scraping data...
ATL 2025 has been completed!!!
2025-01-20 03:12:21 - Scraping data...
2025-01-20 03:12:21 - Scraping data...
BOS 2025 has been completed!!!
2025-01-20 03:12:38 - Scraping data...
2025-01-20 03:12:38 - Scraping data...
BKN 2025 has been completed!!!
2025-01-20 03:12:57 - Scraping data...
2025-01-20 03:12:57 - Scraping data...
CHA 2025 has been completed!!!
2025-01-20 03:13:16 - Scraping data...
2025-01-20 03:13:16 - Scraping data...
CHI 2025 has been completed!!!
2025-01-20 03:13:35 - Scraping data...
2025-01-20 03:13:35 - Scraping data...
CLE 2025 has been completed!!!
2025-01-20 03:13:54 - Scraping data...
2025-01-20 03:13:54 - Scraping data...
DAL 2025 has been completed!!!
2025-01-20 03:14:13 - Scraping data...
2025-01-20 03:14:13 - Scraping data...
DEN 2025 has been completed!!!
2025-01-20 03:14:32 - Scraping data...
2025-01-20 03:14:32 - Scraping data...
DET 2025 has been completed!!!
2025-01-20 03:14:50 - Scraping data...
2025-01-20 03:14:50 - Scraping data...
GSW 2025 has been completed!!!
2025-01-20 03:15:09 - Scraping data...
2025-01-20 03:15:09 - Scraping data...
HOU 2025 has been completed!!!
2025-01-20 03:15:28 - Scraping data...
2025-01-20 03:15:28 - Scraping data...
IND 2025 has been completed!!!
2025-01-20 03:15:47 - Scraping data...
2025-01-20 03:15:47 - Scraping data...
LAC 2025 has been completed!!!
2025-01-20 03:16:07 - Scraping data...
2025-01-20 03:16:07 - Scraping data...
LAL 2025 has been completed!!!
2025-01-20 03:16:25 - Scraping data...
2025-01-20 03:16:25 - Scraping data...
MEM 2025 has been completed!!!
2025-01-20 03:16:45 - Scraping data...
2025-01-20 03:16:45 - Scraping data...
MIA 2025 has been completed!!!
2025-01-20 03:17:03 - Scraping data...
2025-01-20 03:17:03 - Scraping data...
MIL 2025 has been completed!!!
2025-01-20 03:17:21 - Scraping data...
2025-01-20 03:17:21 - Scraping data...
MIN 2025 has been completed!!!
2025-01-20 03:17:38 - Scraping data...
2025-01-20 03:17:38 - Scraping data...
NOP 2025 has been completed!!!
2025-01-20 03:17:57 - Scraping data...
2025-01-20 03:17:57 - Scraping data...
NYK 2025 has been completed!!!
2025-01-20 03:18:16 - Scraping data...
2025-01-20 03:18:16 - Scraping data...
OKC 2025 has been completed!!!
2025-01-20 03:18:35 - Scraping data...
2025-01-20 03:18:35 - Scraping data...
ORL 2025 has been completed!!!
2025-01-20 03:18:54 - Scraping data...
2025-01-20 03:18:54 - Scraping data...
PHI 2025 has been completed!!!
2025-01-20 03:19:13 - Scraping data...
2025-01-20 03:19:13 - Scraping data...
PHX 2025 has been completed!!!
2025-01-20 03:19:32 - Scraping data...
2025-01-20 03:19:32 - Scraping data...
POR 2025 has been completed!!!
2025-01-20 03:19:51 - Scraping data...
2025-01-20 03:19:51 - Scraping data...
SAC 2025 has been completed!!!
2025-01-20 03:20:10 - Scraping data...
2025-01-20 03:20:10 - Scraping data...
SAS 2025 has been completed!!!
2025-01-20 03:20:29 - Scraping data...
2025-01-20 03:20:29 - Scraping data...
TOR 2025 has been completed!!!
2025-01-20 03:20:48 - Scraping data...
2025-01-20 03:20:48 - Scraping data...
UTA 2025 has been completed!!!
2025-01-20 03:21:06 - Scraping data...
2025-01-20 03:21:06 - Scraping data...
WAS 2025 has been completed!!!
2025-01-20 12:40:50 - Scraping data...
2025-01-20 12:40:50 - Scraping data...
ATL 2025 has been completed!!!
2025-01-20 12:41:08 - Scraping data...
2025-01-20 12:41:08 - Scraping data...
BOS 2025 has been completed!!!
2025-01-20 12:41:25 - Scraping data...
2025-01-20 12:41:25 - Scraping data...
BKN 2025 has been completed!!!
2025-01-20 12:41:42 - Scraping data...
2025-01-20 12:41:42 - Scraping data...
CHA 2025 has been completed!!!
2025-01-20 12:42:02 - Scraping data...
2025-01-20 12:42:02 - Scraping data...
CHI 2025 has been completed!!!
2025-01-20 12:42:21 - Scraping data...
2025-01-20 12:42:21 - Scraping data...
CLE 2025 has been completed!!!
2025-01-20 12:42:38 - Scraping data...
2025-01-20 12:42:38 - Scraping data...
DAL 2025 has been completed!!!
2025-01-20 12:42:55 - Scraping data...
2025-01-20 12:42:55 - Scraping data...
DEN 2025 has been completed!!!
2025-01-20 12:43:14 - Scraping data...
2025-01-20 12:43:14 - Scraping data...
DET 2025 has been completed!!!
2025-01-20 12:43:31 - Scraping data...
2025-01-20 12:43:31 - Scraping data...
GSW 2025 has been completed!!!
2025-01-20 12:43:49 - Scraping data...
2025-01-20 12:43:49 - Scraping data...
HOU 2025 has been completed!!!
2025-01-20 12:44:08 - Scraping data...
2025-01-20 12:44:08 - Scraping data...
IND 2025 has been completed!!!
2025-01-20 12:44:27 - Scraping data...
2025-01-20 12:44:27 - Scraping data...
LAC 2025 has been completed!!!
2025-01-20 12:44:46 - Scraping data...
2025-01-20 12:44:46 - Scraping data...
LAL 2025 has been completed!!!
2025-01-20 12:45:05 - Scraping data...
2025-01-20 12:45:05 - Scraping data...
MEM 2025 has been completed!!!
2025-01-20 12:45:24 - Scraping data...
2025-01-20 12:45:24 - Scraping data...
MIA 2025 has been completed!!!
2025-01-20 12:45:44 - Scraping data...
2025-01-20 12:45:44 - Scraping data...
MIL 2025 has been completed!!!
2025-01-20 12:46:02 - Scraping data...
2025-01-20 12:46:02 - Scraping data...
MIN 2025 has been completed!!!
2025-01-20 12:46:19 - Scraping data...
2025-01-20 12:46:19 - Scraping data...
NO 2025 has been completed!!!
2025-01-20 12:46:38 - Scraping data...
2025-01-20 12:46:38 - Scraping data...
NYK 2025 has been completed!!!
2025-01-20 12:46:56 - Scraping data...
2025-01-20 12:46:56 - Scraping data...
OKC 2025 has been completed!!!
2025-01-20 12:47:14 - Scraping data...
2025-01-20 12:47:14 - Scraping data...
ORL 2025 has been completed!!!
2025-01-20 12:47:32 - Scraping data...
2025-01-20 12:47:32 - Scraping data...
PHI 2025 has been completed!!!
2025-01-20 12:47:49 - Scraping data...
2025-01-20 12:47:49 - Scraping data...
PHX 2025 has been completed!!!
2025-01-20 12:48:06 - Scraping data...
2025-01-20 12:48:06 - Scraping data...
POR 2025 has been completed!!!
2025-01-20 12:48:23 - Scraping data...
2025-01-20 12:48:23 - Scraping data...
SAC 2025 has been completed!!!
2025-01-20 12:48:40 - Scraping data...
2025-01-20 12:48:40 - Scraping data...
SAS 2025 has been completed!!!
2025-01-20 12:48:57 - Scraping data...
2025-01-20 12:48:57 - Scraping data...
TOR 2025 has been completed!!!
2025-01-20 12:49:14 - Scraping data...
2025-01-20 12:49:14 - Scraping data...
UTAH 2025 has been completed!!!
2025-01-20 12:49:31 - Scraping data...
2025-01-20 12:49:31 - Scraping data...
WAS 2025 has been completed!!!
