2025-03-13 14:55:57 - Scraping data...
2025-03-13 14:55:57 - Scraping data...
All quarters printed 2022-23 Cade Cunningham
Cade Cunningham | Guard | Detroit Pistons | NBA.com
2025-03-13 14:56:42 - Scraping data...
2025-03-13 14:56:42 - Scraping data...
All quarters printed 2023-24 Cade Cunningham
Cade Cunningham | Guard | Detroit Pistons | NBA.com
2025-03-13 14:57:30 - Scraping data...
2025-03-13 14:57:30 - Scraping data...
All quarters printed 2022-23 Jordan Poole
Jordan Poole | Guard | Washington Wizards | NBA.com
2025-03-13 14:58:20 - Scraping data...
2025-03-13 14:58:20 - Scraping data...
All quarters printed 2023-24 Jordan Poole
Jordan Poole | Guard | Washington Wizards | NBA.com
2025-03-13 14:59:06 - Scraping data...
2025-03-13 14:59:06 - Scraping data...
All quarters printed 2022-23 Malik Beasley
Malik Beasley | Guard | Detroit Pistons | NBA.com
2025-03-13 14:59:54 - Scraping data...
2025-03-13 14:59:54 - Scraping data...
All quarters printed 2023-24 Malik Beasley
Malik Beasley | Guard | Detroit Pistons | NBA.com
2025-03-13 15:00:52 - Scraping data...
2025-03-13 15:00:52 - Scraping data...
All quarters printed 2022-23 Jalen Duren
Jalen Duren | Center | Detroit Pistons | NBA.com
2025-03-13 15:01:40 - Scraping data...
2025-03-13 15:01:40 - Scraping data...
All quarters printed 2023-24 Jalen Duren
Jalen Duren | Center | Detroit Pistons | NBA.com
2025-03-13 15:02:27 - Scraping data...
2025-03-13 15:02:27 - Scraping data...
All quarters printed 2022-23 Tobias Harris
Tobias Harris | Forward | Detroit Pistons | NBA.com
2025-03-13 15:03:15 - Scraping data...
2025-03-13 15:03:15 - Scraping data...
All quarters printed 2023-24 Tobias Harris
Tobias Harris | Forward | Detroit Pistons | NBA.com
2025-03-13 15:04:03 - Scraping data...
2025-03-13 15:04:03 - Scraping data...
Function failed after retries: RetryError[<Future at 0x226c41b70d0 state=finished raised NoSuchElementException>]
2025-03-13 15:04:46 - Scraping data...
2025-03-13 15:04:46 - Scraping data...
Function failed after retries: RetryError[<Future at 0x18443e87510 state=finished raised NoSuchElementException>]
2025-03-13 15:05:35 - Scraping data...
2025-03-13 15:05:35 - Scraping data...
All quarters printed 2022-23 Corey Kispert
Corey Kispert | Forward | Washington Wizards | NBA.com
2025-03-13 15:06:23 - Scraping data...
2025-03-13 15:06:23 - Scraping data...
All quarters printed 2023-24 Corey Kispert
Corey Kispert | Forward | Washington Wizards | NBA.com
2025-03-13 15:07:11 - Scraping data...
2025-03-13 15:07:11 - Scraping data...
All quarters printed 2022-23 Khris Middleton
Khris Middleton | Forward | Washington Wizards | NBA.com
2025-03-13 15:08:00 - Scraping data...
2025-03-13 15:08:00 - Scraping data...
All quarters printed 2023-24 Khris Middleton
Khris Middleton | Forward | Washington Wizards | NBA.com
2025-03-13 15:08:49 - Scraping data...
2025-03-13 15:08:49 - Scraping data...
All quarters printed 2022-23 Ausar Thompson
Ausar Thompson | Guard-Forward | Detroit Pistons | NBA.com
2025-03-13 15:09:35 - Scraping data...
2025-03-13 15:09:35 - Scraping data...
All quarters printed 2023-24 Ausar Thompson
Ausar Thompson | Guard-Forward | Detroit Pistons | NBA.com
2025-03-13 15:10:21 - Scraping data...
2025-03-13 15:10:21 - Scraping data...
All quarters printed 2022-23 Dennis Schroder
Dennis Schr?der | Guard | Detroit Pistons | NBA.com
2025-03-13 15:11:35 - Scraping data...
2025-03-13 15:11:35 - Scraping data...
All quarters printed 2023-24 Dennis Schroder
Dennis Schr?der | Guard | Detroit Pistons | NBA.com
2025-03-13 15:12:25 - Scraping data...
2025-03-13 15:12:25 - Scraping data...
All quarters printed 2022-23 Kyshawn George
Kyshawn George | Forward | Washington Wizards | NBA.com
2025-03-13 15:13:12 - Scraping data...
2025-03-13 15:13:12 - Scraping data...
All quarters printed 2023-24 Kyshawn George
Kyshawn George | Forward | Washington Wizards | NBA.com
2025-03-13 15:14:03 - Scraping data...
2025-03-13 15:14:03 - Scraping data...
All quarters printed 2022-23 Tim Hardaway Jr.
Tim Hardaway Jr. | Guard-Forward | Detroit Pistons | NBA.com
2025-03-13 15:14:51 - Scraping data...
2025-03-13 15:14:51 - Scraping data...
All quarters printed 2023-24 Tim Hardaway Jr.
Tim Hardaway Jr. | Guard-Forward | Detroit Pistons | NBA.com
2025-03-13 15:15:38 - Scraping data...
2025-03-13 15:15:38 - Scraping data...
All quarters printed 2022-23 Richaun Holmes
Richaun Holmes | Forward | Washington Wizards | NBA.com
2025-03-13 15:16:27 - Scraping data...
2025-03-13 15:16:27 - Scraping data...
All quarters printed 2023-24 Richaun Holmes
Richaun Holmes | Forward | Washington Wizards | NBA.com
2025-03-13 15:17:19 - Scraping data...
2025-03-13 15:17:19 - Scraping data...
All quarters printed 2022-23 Marcus Smart
Marcus Smart | Guard | Washington Wizards | NBA.com
2025-03-13 15:18:08 - Scraping data...
2025-03-13 15:18:08 - Scraping data...
All quarters printed 2023-24 Marcus Smart
Marcus Smart | Guard | Washington Wizards | NBA.com
2025-03-13 15:18:56 - Scraping data...
2025-03-13 15:18:56 - Scraping data...
All quarters printed 2022-23 Isaiah Stewart
Isaiah Stewart | Forward-Center | Detroit Pistons | NBA.com
2025-03-13 15:19:45 - Scraping data...
2025-03-13 15:19:45 - Scraping data...
All quarters printed 2023-24 Isaiah Stewart
Isaiah Stewart | Forward-Center | Detroit Pistons | NBA.com
2025-03-13 15:20:33 - Scraping data...
2025-03-13 15:20:33 - Scraping data...
All quarters printed 2022-23 Luka Doncic
Luka Don?i? | Forward-Guard | Los Angeles Lakers | NBA.com
2025-03-13 15:21:20 - Scraping data...
2025-03-13 15:21:20 - Scraping data...
All quarters printed 2023-24 Luka Doncic
Luka Don?i? | Forward-Guard | Los Angeles Lakers | NBA.com
2025-03-13 15:22:08 - Scraping data...
2025-03-13 15:22:08 - Scraping data...
All quarters printed 2022-23 Giannis Antetokounmpo
Giannis Antetokounmpo | Forward | Milwaukee Bucks | NBA.com
2025-03-13 15:22:58 - Scraping data...
2025-03-13 15:22:58 - Scraping data...
All quarters printed 2023-24 Giannis Antetokounmpo
Giannis Antetokounmpo | Forward | Milwaukee Bucks | NBA.com
2025-03-13 15:23:47 - Scraping data...
2025-03-13 15:23:47 - Scraping data...
All quarters printed 2022-23 Damian Lillard
Damian Lillard | Guard | Milwaukee Bucks | NBA.com
2025-03-13 15:24:33 - Scraping data...
2025-03-13 15:24:33 - Scraping data...
All quarters printed 2023-24 Damian Lillard
Damian Lillard | Guard | Milwaukee Bucks | NBA.com
2025-03-13 15:25:20 - Scraping data...
2025-03-13 15:25:20 - Scraping data...
All quarters printed 2022-23 Austin Reaves
Austin Reaves | Guard | Los Angeles Lakers | NBA.com
2025-03-13 15:26:08 - Scraping data...
2025-03-13 15:26:08 - Scraping data...
All quarters printed 2023-24 Austin Reaves
Austin Reaves | Guard | Los Angeles Lakers | NBA.com
2025-03-13 15:26:58 - Scraping data...
2025-03-13 15:26:58 - Scraping data...
All quarters printed 2022-23 Kyle Kuzma
Kyle Kuzma | Forward | Milwaukee Bucks | NBA.com
2025-03-13 15:27:49 - Scraping data...
2025-03-13 15:27:49 - Scraping data...
All quarters printed 2023-24 Kyle Kuzma
Kyle Kuzma | Forward | Milwaukee Bucks | NBA.com
2025-03-13 15:28:37 - Scraping data...
2025-03-13 15:28:37 - Scraping data...
All quarters printed 2022-23 Dalton Knecht
Dalton Knecht | Forward | Los Angeles Lakers | NBA.com
2025-03-13 15:29:25 - Scraping data...
2025-03-13 15:29:25 - Scraping data...
All quarters printed 2023-24 Dalton Knecht
Dalton Knecht | Forward | Los Angeles Lakers | NBA.com
2025-03-13 15:30:12 - Scraping data...
2025-03-13 15:30:12 - Scraping data...
All quarters printed 2022-23 Brook Lopez
Brook Lopez | Center | Milwaukee Bucks | NBA.com
2025-03-13 15:31:00 - Scraping data...
2025-03-13 15:31:00 - Scraping data...
All quarters printed 2023-24 Brook Lopez
Brook Lopez | Center | Milwaukee Bucks | NBA.com
2025-03-13 15:31:50 - Scraping data...
2025-03-13 15:31:50 - Scraping data...
All quarters printed 2022-23 Gabe Vincent
Gabe Vincent | Guard | Los Angeles Lakers | NBA.com
2025-03-13 15:32:36 - Scraping data...
2025-03-13 15:32:36 - Scraping data...
All quarters printed 2023-24 Gabe Vincent
Gabe Vincent | Guard | Los Angeles Lakers | NBA.com
2025-03-13 15:33:23 - Scraping data...
2025-03-13 15:33:23 - Scraping data...
All quarters printed 2022-23 Dorian Finney-Smith
Dorian Finney-Smith | Forward | Los Angeles Lakers | NBA.com
2025-03-13 15:34:14 - Scraping data...
2025-03-13 15:34:14 - Scraping data...
All quarters printed 2023-24 Dorian Finney-Smith
Dorian Finney-Smith | Forward | Los Angeles Lakers | NBA.com
2025-03-13 15:35:16 - Scraping data...
2025-03-13 15:35:16 - Scraping data...
All quarters printed 2022-23 Taurean Prince
Taurean Prince | Forward | Milwaukee Bucks | NBA.com
2025-03-13 15:36:05 - Scraping data...
2025-03-13 15:36:05 - Scraping data...
All quarters printed 2023-24 Taurean Prince
Taurean Prince | Forward | Milwaukee Bucks | NBA.com
2025-03-13 15:36:52 - Scraping data...
2025-03-13 15:36:52 - Scraping data...
All quarters printed 2022-23 Jarred Vanderbilt
Jarred Vanderbilt | Forward | Los Angeles Lakers | NBA.com
2025-03-13 15:37:39 - Scraping data...
2025-03-13 15:37:39 - Scraping data...
All quarters printed 2023-24 Jarred Vanderbilt
Jarred Vanderbilt | Forward | Los Angeles Lakers | NBA.com
2025-03-13 15:38:24 - Scraping data...
2025-03-13 15:38:24 - Scraping data...
All quarters printed 2022-23 Paolo Banchero
Paolo Banchero | Forward | Orlando Magic | NBA.com
2025-03-13 15:39:09 - Scraping data...
2025-03-13 15:39:09 - Scraping data...
All quarters printed 2023-24 Paolo Banchero
Paolo Banchero | Forward | Orlando Magic | NBA.com
2025-03-13 15:39:56 - Scraping data...
2025-03-13 15:39:56 - Scraping data...
All quarters printed 2022-23 Franz Wagner
Franz Wagner | Forward | Orlando Magic | NBA.com
2025-03-13 15:40:47 - Scraping data...
2025-03-13 15:40:47 - Scraping data...
All quarters printed 2023-24 Franz Wagner
Franz Wagner | Forward | Orlando Magic | NBA.com
2025-03-13 15:41:33 - Scraping data...
2025-03-13 15:41:33 - Scraping data...
All quarters printed 2022-23 Zion Williamson
Zion Williamson | Forward | New Orleans Pelicans | NBA.com
2025-03-13 15:42:23 - Scraping data...
2025-03-13 15:42:23 - Scraping data...
All quarters printed 2023-24 Zion Williamson
Zion Williamson | Forward | New Orleans Pelicans | NBA.com
2025-03-13 15:43:09 - Scraping data...
2025-03-13 15:43:09 - Scraping data...
All quarters printed 2022-23 CJ McCollum
CJ McCollum | Guard | New Orleans Pelicans | NBA.com
2025-03-13 15:43:57 - Scraping data...
2025-03-13 15:43:57 - Scraping data...
All quarters printed 2023-24 CJ McCollum
CJ McCollum | Guard | New Orleans Pelicans | NBA.com
2025-03-13 15:44:46 - Scraping data...
2025-03-13 15:44:46 - Scraping data...
All quarters printed 2022-23 Trey Murphy III
Trey Murphy III | Forward | New Orleans Pelicans | NBA.com
2025-03-13 15:45:35 - Scraping data...
2025-03-13 15:45:35 - Scraping data...
All quarters printed 2023-24 Trey Murphy III
Trey Murphy III | Forward | New Orleans Pelicans | NBA.com
2025-03-13 15:46:24 - Scraping data...
2025-03-13 15:46:24 - Scraping data...
All quarters printed 2022-23 Cole Anthony
Cole Anthony | Guard | Orlando Magic | NBA.com
2025-03-13 15:47:18 - Scraping data...
2025-03-13 15:47:18 - Scraping data...
All quarters printed 2023-24 Cole Anthony
Cole Anthony | Guard | Orlando Magic | NBA.com
2025-03-13 15:48:06 - Scraping data...
2025-03-13 15:48:06 - Scraping data...
All quarters printed 2022-23 Wendell Carter Jr.
Wendell Carter Jr. | Center-Forward | Orlando Magic | NBA.com
2025-03-13 15:48:54 - Scraping data...
2025-03-13 15:48:54 - Scraping data...
All quarters printed 2023-24 Wendell Carter Jr.
Wendell Carter Jr. | Center-Forward | Orlando Magic | NBA.com
2025-03-13 15:49:41 - Scraping data...
2025-03-13 15:49:41 - Scraping data...
All quarters printed 2022-23 Kentavious Caldwell-Pope
Kentavious Caldwell-Pope | Guard | Orlando Magic | NBA.com
2025-03-13 15:50:27 - Scraping data...
2025-03-13 15:50:27 - Scraping data...
All quarters printed 2023-24 Kentavious Caldwell-Pope
Kentavious Caldwell-Pope | Guard | Orlando Magic | NBA.com
2025-03-13 15:51:15 - Scraping data...
2025-03-13 15:51:15 - Scraping data...
All quarters printed 2022-23 Yves Missi
Yves Missi | Center | New Orleans Pelicans | NBA.com
2025-03-13 15:52:02 - Scraping data...
2025-03-13 15:52:02 - Scraping data...
All quarters printed 2023-24 Yves Missi
Yves Missi | Center | New Orleans Pelicans | NBA.com
2025-03-13 15:52:50 - Scraping data...
2025-03-13 15:52:50 - Scraping data...
Function failed after retries: RetryError[<Future at 0x251a9ca7650 state=finished raised NoSuchElementException>]
2025-03-13 15:53:39 - Scraping data...
2025-03-13 15:53:39 - Scraping data...
Function failed after retries: RetryError[<Future at 0x11f67c07510 state=finished raised NoSuchElementException>]
2025-03-13 15:54:22 - Scraping data...
2025-03-13 15:54:22 - Scraping data...
Function failed after retries: RetryError[<Future at 0x2016de87e10 state=finished raised InvalidSessionIdException>]
2025-03-13 15:54:46 - Scraping data...
2025-03-13 15:54:46 - Scraping data...
Function failed after retries: RetryError[<Future at 0x1a16bc87b10 state=finished raised InvalidSessionIdException>]
2025-03-13 15:55:24 - Scraping data...
2025-03-13 15:55:24 - Scraping data...
All quarters printed 2022-23 Cameron Johnson
Function failed after retries: RetryError[<Future at 0x2641e817510 state=finished raised InvalidSessionIdException>]
2025-03-13 15:56:14 - Scraping data...
2025-03-13 15:56:14 - Scraping data...
Function failed after retries: RetryError[<Future at 0x1a804ec2dd0 state=finished raised ReadTimeoutError>]
2025-03-13 16:17:50 - Scraping data...
2025-03-13 16:17:50 - Scraping data...
All quarters printed 2022-23 Kevin Huerter
Kevin Huerter | Guard-Forward | Chicago Bulls | NBA.com
2025-03-13 16:18:40 - Scraping data...
2025-03-13 16:18:40 - Scraping data...
All quarters printed 2023-24 Kevin Huerter
Kevin Huerter | Guard-Forward | Chicago Bulls | NBA.com
2025-03-13 16:19:26 - Scraping data...
2025-03-13 16:19:26 - Scraping data...
All quarters printed 2022-23 Matas Buzelis
Matas Buzelis | Forward | Chicago Bulls | NBA.com
2025-03-13 16:20:19 - Scraping data...
2025-03-13 16:20:19 - Scraping data...
All quarters printed 2023-24 Matas Buzelis
Matas Buzelis | Forward | Chicago Bulls | NBA.com
2025-03-13 16:21:08 - Scraping data...
2025-03-13 16:21:08 - Scraping data...
All quarters printed 2022-23 D'Angelo Russell
D'Angelo Russell | Guard | Brooklyn Nets | NBA.com
2025-03-13 16:21:52 - Scraping data...
2025-03-13 16:21:52 - Scraping data...
All quarters printed 2023-24 D'Angelo Russell
D'Angelo Russell | Guard | Brooklyn Nets | NBA.com
2025-03-13 16:22:37 - Scraping data...
2025-03-13 16:22:37 - Scraping data...
All quarters printed 2022-23 Nikola Vucevic
Nikola Vu?evi? | Center | Chicago Bulls | NBA.com
2025-03-13 16:23:23 - Scraping data...
2025-03-13 16:23:23 - Scraping data...
All quarters printed 2023-24 Nikola Vucevic
Nikola Vu?evi? | Center | Chicago Bulls | NBA.com
2025-03-13 16:24:13 - Scraping data...
2025-03-13 16:24:13 - Scraping data...
All quarters printed 2022-23 Tre Jones
Tre Jones | Guard | Chicago Bulls | NBA.com
2025-03-13 16:25:00 - Scraping data...
2025-03-13 16:25:00 - Scraping data...
All quarters printed 2023-24 Tre Jones
Tre Jones | Guard | Chicago Bulls | NBA.com
2025-03-13 16:25:48 - Scraping data...
2025-03-13 16:25:48 - Scraping data...
All quarters printed 2022-23 Zach Collins
Zach Collins | Forward-Center | Chicago Bulls | NBA.com
2025-03-13 16:26:33 - Scraping data...
2025-03-13 16:26:33 - Scraping data...
All quarters printed 2023-24 Zach Collins
Zach Collins | Forward-Center | Chicago Bulls | NBA.com
2025-03-13 16:27:20 - Scraping data...
2025-03-13 16:27:20 - Scraping data...
Function failed after retries: RetryError[<Future at 0x1c6742777d0 state=finished raised NoSuchElementException>]
2025-03-13 16:28:09 - Scraping data...
2025-03-13 16:28:09 - Scraping data...
Function failed after retries: RetryError[<Future at 0x22e67ba7510 state=finished raised NoSuchElementException>]
2025-03-13 16:28:51 - Scraping data...
2025-03-13 16:28:51 - Scraping data...
All quarters printed 2022-23 Ziaire Williams
Ziaire Williams | Forward | Brooklyn Nets | NBA.com
2025-03-13 16:29:40 - Scraping data...
2025-03-13 16:29:40 - Scraping data...
All quarters printed 2023-24 Ziaire Williams
Ziaire Williams | Forward | Brooklyn Nets | NBA.com
2025-03-13 16:30:28 - Scraping data...
2025-03-13 16:30:28 - Scraping data...
All quarters printed 2022-23 Keon Johnson
Keon Johnson | Guard | Brooklyn Nets | NBA.com
2025-03-13 16:31:17 - Scraping data...
2025-03-13 16:31:17 - Scraping data...
All quarters printed 2023-24 Keon Johnson
Keon Johnson | Guard | Brooklyn Nets | NBA.com
2025-03-13 16:32:02 - Scraping data...
2025-03-13 16:32:02 - Scraping data...
All quarters printed 2022-23 Day'Ron Sharpe
Day'Ron Sharpe | Center | Brooklyn Nets | NBA.com
2025-03-13 16:32:53 - Scraping data...
2025-03-13 16:32:53 - Scraping data...
All quarters printed 2023-24 Day'Ron Sharpe
Day'Ron Sharpe | Center | Brooklyn Nets | NBA.com
2025-03-13 16:33:40 - Scraping data...
2025-03-13 16:33:40 - Scraping data...
All quarters printed 2022-23 Stephen Curry
Stephen Curry | Guard | Golden State Warriors | NBA.com
2025-03-13 16:34:26 - Scraping data...
2025-03-13 16:34:26 - Scraping data...
All quarters printed 2023-24 Stephen Curry
Stephen Curry | Guard | Golden State Warriors | NBA.com
2025-03-13 16:35:16 - Scraping data...
2025-03-13 16:35:16 - Scraping data...
All quarters printed 2022-23 Zach LaVine
Zach LaVine | Guard | Sacramento Kings | NBA.com
2025-03-13 16:36:13 - Scraping data...
2025-03-13 16:36:13 - Scraping data...
All quarters printed 2023-24 Zach LaVine
Zach LaVine | Guard | Sacramento Kings | NBA.com
2025-03-13 16:37:03 - Scraping data...
2025-03-13 16:37:03 - Scraping data...
All quarters printed 2022-23 DeMar DeRozan
DeMar DeRozan | Guard-Forward | Sacramento Kings | NBA.com
2025-03-13 16:37:52 - Scraping data...
2025-03-13 16:37:52 - Scraping data...
All quarters printed 2023-24 DeMar DeRozan
DeMar DeRozan | Guard-Forward | Sacramento Kings | NBA.com
2025-03-13 16:38:46 - Scraping data...
2025-03-13 16:38:46 - Scraping data...
All quarters printed 2022-23 Jimmy Butler
Jimmy Butler III | Forward | Golden State Warriors | NBA.com
2025-03-13 16:39:32 - Scraping data...
2025-03-13 16:39:32 - Scraping data...
All quarters printed 2023-24 Jimmy Butler
Jimmy Butler III | Forward | Golden State Warriors | NBA.com
2025-03-13 16:40:17 - Scraping data...
2025-03-13 16:40:17 - Scraping data...
All quarters printed 2022-23 Malik Monk
Malik Monk | Guard | Sacramento Kings | NBA.com
2025-03-13 16:41:05 - Scraping data...
2025-03-13 16:41:05 - Scraping data...
All quarters printed 2023-24 Malik Monk
Malik Monk | Guard | Sacramento Kings | NBA.com
2025-03-13 16:41:54 - Scraping data...
2025-03-13 16:41:54 - Scraping data...
All quarters printed 2022-23 Domantas Sabonis
Domantas Sabonis | Forward-Center | Sacramento Kings | NBA.com
2025-03-13 16:42:40 - Scraping data...
2025-03-13 16:42:40 - Scraping data...
All quarters printed 2023-24 Domantas Sabonis
Domantas Sabonis | Forward-Center | Sacramento Kings | NBA.com
2025-03-13 16:43:26 - Scraping data...
2025-03-13 16:43:26 - Scraping data...
All quarters printed 2022-23 Keegan Murray
Keegan Murray | Forward | Sacramento Kings | NBA.com
2025-03-13 16:44:11 - Scraping data...
2025-03-13 16:44:11 - Scraping data...
All quarters printed 2023-24 Keegan Murray
Keegan Murray | Forward | Sacramento Kings | NBA.com
2025-03-13 16:44:56 - Scraping data...
2025-03-13 16:44:56 - Scraping data...
All quarters printed 2022-23 Moses Moody
Moses Moody | Guard | Golden State Warriors | NBA.com
2025-03-13 16:45:44 - Scraping data...
2025-03-13 16:45:44 - Scraping data...
All quarters printed 2023-24 Moses Moody
Moses Moody | Guard | Golden State Warriors | NBA.com
2025-03-13 16:46:30 - Scraping data...
2025-03-13 16:46:30 - Scraping data...
All quarters printed 2022-23 Buddy Hield
Buddy Hield | Guard | Golden State Warriors | NBA.com
2025-03-13 16:47:20 - Scraping data...
2025-03-13 16:47:20 - Scraping data...
All quarters printed 2023-24 Buddy Hield
Buddy Hield | Guard | Golden State Warriors | NBA.com
2025-03-13 16:48:06 - Scraping data...
2025-03-13 16:48:06 - Scraping data...
All quarters printed 2022-23 Quinten Post
Quinten Post | Center | Golden State Warriors | NBA.com
2025-03-13 16:48:52 - Scraping data...
2025-03-13 16:48:52 - Scraping data...
All quarters printed 2023-24 Quinten Post
Quinten Post | Center | Golden State Warriors | NBA.com
2025-03-13 16:49:38 - Scraping data...
2025-03-13 16:49:38 - Scraping data...
All quarters printed 2022-23 Draymond Green
Draymond Green | Forward | Golden State Warriors | NBA.com
2025-03-13 16:50:26 - Scraping data...
2025-03-13 16:50:26 - Scraping data...
All quarters printed 2023-24 Draymond Green
Draymond Green | Forward | Golden State Warriors | NBA.com
2025-03-13 16:51:11 - Scraping data...
2025-03-13 16:51:11 - Scraping data...
All quarters printed 2022-23 Keon Ellis
Keon Ellis | Guard | Sacramento Kings | NBA.com
2025-03-13 16:52:02 - Scraping data...
2025-03-13 16:52:02 - Scraping data...
All quarters printed 2023-24 Keon Ellis
Keon Ellis | Guard | Sacramento Kings | NBA.com
2025-03-13 17:19:38 - Scraping data...
2025-03-13 17:19:38 - Scraping data...
All quarters printed 2022-23 Alex Sarr
Alex Sarr | Center | Washington Wizards | NBA.com
2025-03-13 17:20:24 - Scraping data...
2025-03-13 17:20:24 - Scraping data...
All quarters printed 2023-24 Alex Sarr
Alex Sarr | Center | Washington Wizards | NBA.com
2025-03-13 17:21:09 - Scraping data...
2025-03-13 17:21:09 - Scraping data...
All quarters printed 2022-23 Cam Thomas
Cam Thomas | Guard | Brooklyn Nets | NBA.com
2025-03-13 17:21:56 - Scraping data...
2025-03-13 17:21:56 - Scraping data...
All quarters printed 2023-24 Cam Thomas
Cam Thomas | Guard | Brooklyn Nets | NBA.com
2025-03-13 17:22:41 - Scraping data...
2025-03-13 17:22:41 - Scraping data...
All quarters printed 2022-23 Coby White
Coby White | Guard | Chicago Bulls | NBA.com
2025-03-13 17:23:30 - Scraping data...
2025-03-13 17:23:30 - Scraping data...
All quarters printed 2023-24 Coby White
Coby White | Guard | Chicago Bulls | NBA.com
2025-03-13 17:24:18 - Scraping data...
2025-03-13 17:24:18 - Scraping data...
All quarters printed 2022-23 Cameron Johnson
Cameron Johnson | Forward | Brooklyn Nets | NBA.com
2025-03-13 17:25:07 - Scraping data...
2025-03-13 17:25:07 - Scraping data...
All quarters printed 2023-24 Cameron Johnson
Cameron Johnson | Forward | Brooklyn Nets | NBA.com
2025-03-13 17:25:56 - Scraping data...
2025-03-13 17:25:56 - Scraping data...
All quarters printed 2022-23 Angelo Russell
D'Angelo Russell | Guard | Brooklyn Nets | NBA.com
2025-03-13 17:26:43 - Scraping data...
2025-03-13 17:26:43 - Scraping data...
All quarters printed 2023-24 Angelo Russell
D'Angelo Russell | Guard | Brooklyn Nets | NBA.com
2025-03-13 17:27:28 - Scraping data...
2025-03-13 17:27:28 - Scraping data...
All quarters printed 2022-23 Nic Claxton
Nic Claxton | Center | Brooklyn Nets | NBA.com
2025-03-13 17:28:14 - Scraping data...
2025-03-13 17:28:14 - Scraping data...
All quarters printed 2023-24 Nic Claxton
Nic Claxton | Center | Brooklyn Nets | NBA.com
2025-03-14 13:51:19 - Scraping data...
2025-03-14 13:51:19 - Scraping data...
All quarters printed 2022-23 Jrue Holiday
Jrue Holiday | Guard | Boston Celtics | NBA.com
2025-03-14 13:52:06 - Scraping data...
2025-03-14 13:52:06 - Scraping data...
All quarters printed 2023-24 Jrue Holiday
Jrue Holiday | Guard | Boston Celtics | NBA.com
2025-03-14 13:52:54 - Scraping data...
2025-03-14 13:52:54 - Scraping data...
All quarters printed 2022-23 Derrick White
Derrick White | Guard | Boston Celtics | NBA.com
2025-03-14 13:53:45 - Scraping data...
2025-03-14 13:53:45 - Scraping data...
All quarters printed 2023-24 Derrick White
Derrick White | Guard | Boston Celtics | NBA.com
2025-03-14 13:54:34 - Scraping data...
2025-03-14 13:54:34 - Scraping data...
All quarters printed 2022-23 Jaylen Brown
Jaylen Brown | Guard-Forward | Boston Celtics | NBA.com
2025-03-14 13:55:21 - Scraping data...
2025-03-14 13:55:21 - Scraping data...
All quarters printed 2023-24 Jaylen Brown
Jaylen Brown | Guard-Forward | Boston Celtics | NBA.com
2025-03-14 13:56:07 - Scraping data...
2025-03-14 13:56:07 - Scraping data...
All quarters printed 2022-23 Jayson Tatum
Jayson Tatum | Forward-Guard | Boston Celtics | NBA.com
2025-03-14 13:56:56 - Scraping data...
2025-03-14 13:56:56 - Scraping data...
All quarters printed 2023-24 Jayson Tatum
Jayson Tatum | Forward-Guard | Boston Celtics | NBA.com
2025-03-14 13:57:44 - Scraping data...
2025-03-14 13:57:44 - Scraping data...
All quarters printed 2022-23 Kristaps Porzingis
Kristaps Porzi??is | Forward-Center | Boston Celtics | NBA.com
2025-03-14 13:58:33 - Scraping data...
2025-03-14 13:58:33 - Scraping data...
All quarters printed 2023-24 Kristaps Porzingis
Kristaps Porzi??is | Forward-Center | Boston Celtics | NBA.com
2025-03-14 13:59:41 - Scraping data...
2025-03-14 13:59:41 - Scraping data...
All quarters printed 2022-23 Al Horford
Al Horford | Center-Forward | Boston Celtics | NBA.com
2025-03-14 14:00:29 - Scraping data...
2025-03-14 14:00:29 - Scraping data...
All quarters printed 2023-24 Al Horford
Al Horford | Center-Forward | Boston Celtics | NBA.com
2025-03-14 14:01:16 - Scraping data...
2025-03-14 14:01:16 - Scraping data...
All quarters printed 2022-23 Payton Pritchard
Payton Pritchard | Guard | Boston Celtics | NBA.com
2025-03-14 14:02:06 - Scraping data...
2025-03-14 14:02:06 - Scraping data...
All quarters printed 2023-24 Payton Pritchard
Payton Pritchard | Guard | Boston Celtics | NBA.com
2025-03-14 14:02:51 - Scraping data...
2025-03-14 14:02:51 - Scraping data...
All quarters printed 2022-23 Sam Hauser
Sam Hauser | Forward | Boston Celtics | NBA.com
2025-03-14 14:03:40 - Scraping data...
2025-03-14 14:03:40 - Scraping data...
All quarters printed 2023-24 Sam Hauser
Sam Hauser | Forward | Boston Celtics | NBA.com
2025-03-14 14:04:25 - Scraping data...
2025-03-14 14:04:25 - Scraping data...
All quarters printed 2022-23 Luke Kornet
Luke Kornet | Center-Forward | Boston Celtics | NBA.com
2025-03-14 14:05:12 - Scraping data...
2025-03-14 14:05:12 - Scraping data...
All quarters printed 2023-24 Luke Kornet
Luke Kornet | Center-Forward | Boston Celtics | NBA.com
2025-03-14 14:06:00 - Scraping data...
2025-03-14 14:06:00 - Scraping data...
All quarters printed 2022-23 Torrey Craig
Torrey Craig | Forward | Boston Celtics | NBA.com
2025-03-14 14:06:48 - Scraping data...
2025-03-14 14:06:48 - Scraping data...
All quarters printed 2023-24 Torrey Craig
Torrey Craig | Forward | Boston Celtics | NBA.com
2025-03-14 14:07:33 - Scraping data...
2025-03-14 14:07:33 - Scraping data...
All quarters printed 2022-23 Xavier Tillman
Xavier Tillman | Forward | Boston Celtics | NBA.com
2025-03-14 14:08:22 - Scraping data...
2025-03-14 14:08:22 - Scraping data...
All quarters printed 2023-24 Xavier Tillman
Xavier Tillman | Forward | Boston Celtics | NBA.com
2025-03-14 14:09:11 - Scraping data...
2025-03-14 14:09:11 - Scraping data...
All quarters printed 2022-23 Neemias Queta
Neemias Queta | Center | Boston Celtics | NBA.com
2025-03-14 14:09:57 - Scraping data...
2025-03-14 14:09:57 - Scraping data...
All quarters printed 2023-24 Neemias Queta
Neemias Queta | Center | Boston Celtics | NBA.com
2025-03-14 14:10:43 - Scraping data...
2025-03-14 14:10:43 - Scraping data...
All quarters printed 2022-23 Baylor Scheierman
Baylor Scheierman | Guard | Boston Celtics | NBA.com
2025-03-14 14:11:32 - Scraping data...
2025-03-14 14:11:32 - Scraping data...
All quarters printed 2023-24 Baylor Scheierman
Baylor Scheierman | Guard | Boston Celtics | NBA.com
2025-03-14 14:12:19 - Scraping data...
2025-03-14 14:12:19 - Scraping data...
All quarters printed 2022-23 Davion Mitchell
Davion Mitchell | Guard | Miami Heat | NBA.com
2025-03-14 14:13:09 - Scraping data...
2025-03-14 14:13:09 - Scraping data...
All quarters printed 2023-24 Davion Mitchell
Davion Mitchell | Guard | Miami Heat | NBA.com
2025-03-14 14:13:56 - Scraping data...
2025-03-14 14:13:56 - Scraping data...
All quarters printed 2022-23 Tyler Herro
Tyler Herro | Guard | Miami Heat | NBA.com
2025-03-14 14:14:46 - Scraping data...
2025-03-14 14:14:46 - Scraping data...
All quarters printed 2023-24 Tyler Herro
Tyler Herro | Guard | Miami Heat | NBA.com
2025-03-14 14:15:33 - Scraping data...
2025-03-14 14:15:33 - Scraping data...
All quarters printed 2022-23 Andrew Wiggins
Andrew Wiggins | Forward | Miami Heat | NBA.com
2025-03-14 14:16:18 - Scraping data...
2025-03-14 14:16:18 - Scraping data...
All quarters printed 2023-24 Andrew Wiggins
Andrew Wiggins | Forward | Miami Heat | NBA.com
2025-03-14 14:17:09 - Scraping data...
2025-03-14 14:17:09 - Scraping data...
All quarters printed 2022-23 Bam Adebayo
Bam Adebayo | Center-Forward | Miami Heat | NBA.com
2025-03-14 14:17:57 - Scraping data...
2025-03-14 14:17:57 - Scraping data...
All quarters printed 2023-24 Bam Adebayo
Bam Adebayo | Center-Forward | Miami Heat | NBA.com
2025-03-14 14:18:43 - Scraping data...
2025-03-14 14:18:43 - Scraping data...
All quarters printed 2022-23 Kel'el Ware
Kel'el Ware | Center | Miami Heat | NBA.com
2025-03-14 14:19:28 - Scraping data...
2025-03-14 14:19:28 - Scraping data...
All quarters printed 2023-24 Kel'el Ware
Kel'el Ware | Center | Miami Heat | NBA.com
2025-03-14 14:20:15 - Scraping data...
2025-03-14 14:20:15 - Scraping data...
All quarters printed 2022-23 Terry Rozier
Terry Rozier | Guard | Miami Heat | NBA.com
2025-03-14 14:21:01 - Scraping data...
2025-03-14 14:21:01 - Scraping data...
All quarters printed 2023-24 Terry Rozier
Terry Rozier | Guard | Miami Heat | NBA.com
2025-03-14 14:21:46 - Scraping data...
2025-03-14 14:21:46 - Scraping data...
All quarters printed 2022-23 Duncan Robinson
Duncan Robinson | Forward | Miami Heat | NBA.com
2025-03-14 14:22:32 - Scraping data...
2025-03-14 14:22:32 - Scraping data...
All quarters printed 2023-24 Duncan Robinson
Duncan Robinson | Forward | Miami Heat | NBA.com
2025-03-14 14:23:18 - Scraping data...
2025-03-14 14:23:18 - Scraping data...
All quarters printed 2022-23 Haywood Highsmith
Haywood Highsmith | Forward | Miami Heat | NBA.com
2025-03-14 14:24:05 - Scraping data...
2025-03-14 14:24:05 - Scraping data...
All quarters printed 2023-24 Haywood Highsmith
Haywood Highsmith | Forward | Miami Heat | NBA.com
2025-03-14 14:24:51 - Scraping data...
2025-03-14 14:24:51 - Scraping data...
All quarters printed 2022-23 Jaime Jaquez
Jaime Jaquez Jr. | Guard | Miami Heat | NBA.com
2025-03-14 14:25:44 - Scraping data...
2025-03-14 14:25:44 - Scraping data...
All quarters printed 2023-24 Jaime Jaquez
Jaime Jaquez Jr. | Guard | Miami Heat | NBA.com
2025-03-14 14:26:32 - Scraping data...
2025-03-14 14:26:32 - Scraping data...
All quarters printed 2022-23 Pelle Larsson
Pelle Larsson | Guard | Miami Heat | NBA.com
2025-03-14 14:27:21 - Scraping data...
2025-03-14 14:27:21 - Scraping data...
All quarters printed 2023-24 Pelle Larsson
Pelle Larsson | Guard | Miami Heat | NBA.com
2025-03-14 14:28:10 - Scraping data...
2025-03-14 14:28:10 - Scraping data...
All quarters printed 2022-23 Kyle Anderson
Kyle Anderson | Forward-Guard | Miami Heat | NBA.com
2025-03-14 14:28:56 - Scraping data...
2025-03-14 14:28:56 - Scraping data...
All quarters printed 2023-24 Kyle Anderson
Kyle Anderson | Forward-Guard | Miami Heat | NBA.com
2025-03-14 14:29:42 - Scraping data...
2025-03-14 14:29:42 - Scraping data...
All quarters printed 2022-23 Kevin Love
Kevin Love | Forward-Center | Miami Heat | NBA.com
2025-03-14 14:30:35 - Scraping data...
2025-03-14 14:30:35 - Scraping data...
All quarters printed 2023-24 Kevin Love
Kevin Love | Forward-Center | Miami Heat | NBA.com
2025-03-14 14:31:24 - Scraping data...
2025-03-14 14:31:24 - Scraping data...
All quarters printed 2022-23 Keshad Johnson
Keshad Johnson | Forward | Miami Heat | NBA.com
2025-03-14 14:32:11 - Scraping data...
2025-03-14 14:32:11 - Scraping data...
All quarters printed 2023-24 Keshad Johnson
Keshad Johnson | Forward | Miami Heat | NBA.com
2025-03-14 14:32:58 - Scraping data...
2025-03-14 14:32:58 - Scraping data...
All quarters printed 2022-23 James Harden
James Harden | Guard | LA Clippers | NBA.com
2025-03-14 14:33:44 - Scraping data...
2025-03-14 14:33:44 - Scraping data...
All quarters printed 2023-24 James Harden
James Harden | Guard | LA Clippers | NBA.com
2025-03-14 14:34:33 - Scraping data...
2025-03-14 14:34:33 - Scraping data...
All quarters printed 2022-23 Kris Dunn
Kris Dunn | Guard | LA Clippers | NBA.com
2025-03-14 14:35:21 - Scraping data...
2025-03-14 14:35:21 - Scraping data...
All quarters printed 2023-24 Kris Dunn
Kris Dunn | Guard | LA Clippers | NBA.com
2025-03-14 14:36:06 - Scraping data...
2025-03-14 14:36:06 - Scraping data...
All quarters printed 2022-23 Bogdan Bogdanovic
Bogdan Bogdanovi? | Guard | LA Clippers | NBA.com
2025-03-14 14:36:52 - Scraping data...
2025-03-14 14:36:52 - Scraping data...
All quarters printed 2023-24 Bogdan Bogdanovic
Bogdan Bogdanovi? | Guard | LA Clippers | NBA.com
2025-03-14 14:37:37 - Scraping data...
2025-03-14 14:37:37 - Scraping data...
All quarters printed 2022-23 Kawhi Leonard
Kawhi Leonard | Forward | LA Clippers | NBA.com
2025-03-14 14:38:24 - Scraping data...
2025-03-14 14:38:24 - Scraping data...
All quarters printed 2023-24 Kawhi Leonard
Kawhi Leonard | Forward | LA Clippers | NBA.com
2025-03-14 14:39:09 - Scraping data...
2025-03-14 14:39:09 - Scraping data...
All quarters printed 2022-23 Ivica Zubac
Ivica Zubac | Center | LA Clippers | NBA.com
2025-03-14 14:39:55 - Scraping data...
2025-03-14 14:39:55 - Scraping data...
All quarters printed 2023-24 Ivica Zubac
Ivica Zubac | Center | LA Clippers | NBA.com
2025-03-14 14:40:41 - Scraping data...
2025-03-14 14:40:41 - Scraping data...
All quarters printed 2022-23 Nicolas Batum
Nicolas Batum | Guard-Forward | LA Clippers | NBA.com
2025-03-14 14:41:26 - Scraping data...
2025-03-14 14:41:26 - Scraping data...
All quarters printed 2023-24 Nicolas Batum
Nicolas Batum | Guard-Forward | LA Clippers | NBA.com
2025-03-14 14:42:10 - Scraping data...
2025-03-14 14:42:10 - Scraping data...
All quarters printed 2022-23 Derrick Jones Jr.
Derrick Jones Jr. | Forward | LA Clippers | NBA.com
2025-03-14 14:42:57 - Scraping data...
2025-03-14 14:42:57 - Scraping data...
All quarters printed 2023-24 Derrick Jones Jr.
Derrick Jones Jr. | Forward | LA Clippers | NBA.com
2025-03-14 14:43:41 - Scraping data...
2025-03-14 14:43:41 - Scraping data...
All quarters printed 2022-23 Amir Coffey
Amir Coffey | Guard-Forward | LA Clippers | NBA.com
2025-03-14 14:44:29 - Scraping data...
2025-03-14 14:44:29 - Scraping data...
All quarters printed 2023-24 Amir Coffey
Amir Coffey | Guard-Forward | LA Clippers | NBA.com
2025-03-14 14:45:15 - Scraping data...
2025-03-14 14:45:15 - Scraping data...
All quarters printed 2022-23 Ben Simmons
Ben Simmons | Guard-Forward | LA Clippers | NBA.com
2025-03-14 14:46:02 - Scraping data...
2025-03-14 14:46:02 - Scraping data...
All quarters printed 2023-24 Ben Simmons
Ben Simmons | Guard-Forward | LA Clippers | NBA.com
2025-03-14 14:46:50 - Scraping data...
2025-03-14 14:46:50 - Scraping data...
All quarters printed 2022-23 Drew Eubanks
Drew Eubanks | Forward-Center | LA Clippers | NBA.com
2025-03-14 14:47:40 - Scraping data...
2025-03-14 14:47:40 - Scraping data...
All quarters printed 2023-24 Drew Eubanks
Drew Eubanks | Forward-Center | LA Clippers | NBA.com
2025-03-14 14:48:27 - Scraping data...
2025-03-14 14:48:27 - Scraping data...
All quarters printed 2022-23 Patty Mills
Patty Mills | Guard | LA Clippers | NBA.com
2025-03-14 14:49:16 - Scraping data...
2025-03-14 14:49:16 - Scraping data...
All quarters printed 2023-24 Patty Mills
Patty Mills | Guard | LA Clippers | NBA.com
2025-03-14 14:50:10 - Scraping data...
2025-03-14 14:50:10 - Scraping data...
All quarters printed 2022-23 Jordan Miller
Jordan Miller | Guard | LA Clippers | NBA.com
2025-03-14 14:50:56 - Scraping data...
2025-03-14 14:50:56 - Scraping data...
All quarters printed 2023-24 Jordan Miller
Jordan Miller | Guard | LA Clippers | NBA.com
2025-03-14 14:51:46 - Scraping data...
2025-03-14 14:51:46 - Scraping data...
All quarters printed 2022-23 Kobe Brown
Kobe Brown | Forward | LA Clippers | NBA.com
2025-03-14 14:52:35 - Scraping data...
2025-03-14 14:52:35 - Scraping data...
All quarters printed 2023-24 Kobe Brown
Kobe Brown | Forward | LA Clippers | NBA.com
2025-03-14 14:53:20 - Scraping data...
2025-03-14 14:53:20 - Scraping data...
All quarters printed 2022-23 Trae Young
Trae Young | Guard | Atlanta Hawks | NBA.com
2025-03-14 14:54:06 - Scraping data...
2025-03-14 14:54:06 - Scraping data...
All quarters printed 2023-24 Trae Young
Trae Young | Guard | Atlanta Hawks | NBA.com
2025-03-14 14:54:52 - Scraping data...
2025-03-14 14:54:52 - Scraping data...
All quarters printed 2022-23 Dyson Daniels
Dyson Daniels | Guard | Atlanta Hawks | NBA.com
2025-03-14 14:55:38 - Scraping data...
2025-03-14 14:55:38 - Scraping data...
All quarters printed 2023-24 Dyson Daniels
Dyson Daniels | Guard | Atlanta Hawks | NBA.com
2025-03-14 14:56:24 - Scraping data...
2025-03-14 14:56:24 - Scraping data...
All quarters printed 2022-23 Mouhamed Gueye
Mouhamed Gueye | Forward | Atlanta Hawks | NBA.com
2025-03-14 14:57:11 - Scraping data...
2025-03-14 14:57:11 - Scraping data...
All quarters printed 2023-24 Mouhamed Gueye
Mouhamed Gueye | Forward | Atlanta Hawks | NBA.com
2025-03-14 14:58:01 - Scraping data...
2025-03-14 14:58:01 - Scraping data...
All quarters printed 2022-23 Zaccharie Risacher
Zaccharie Risacher | Forward | Atlanta Hawks | NBA.com
2025-03-14 14:58:49 - Scraping data...
2025-03-14 14:58:49 - Scraping data...
All quarters printed 2023-24 Zaccharie Risacher
Zaccharie Risacher | Forward | Atlanta Hawks | NBA.com
2025-03-14 14:59:34 - Scraping data...
2025-03-14 14:59:34 - Scraping data...
All quarters printed 2022-23 Onyeka Okongwu
Onyeka Okongwu | Forward-Center | Atlanta Hawks | NBA.com
2025-03-14 15:00:22 - Scraping data...
2025-03-14 15:00:22 - Scraping data...
All quarters printed 2023-24 Onyeka Okongwu
Onyeka Okongwu | Forward-Center | Atlanta Hawks | NBA.com
2025-03-14 15:01:09 - Scraping data...
2025-03-14 15:01:09 - Scraping data...
All quarters printed 2022-23 Caris LeVert
Caris LeVert | Guard | Atlanta Hawks | NBA.com
2025-03-14 15:01:59 - Scraping data...
2025-03-14 15:01:59 - Scraping data...
All quarters printed 2023-24 Caris LeVert
Caris LeVert | Guard | Atlanta Hawks | NBA.com
2025-03-14 15:02:54 - Scraping data...
2025-03-14 15:02:54 - Scraping data...
All quarters printed 2022-23 Georges Niang
Georges Niang | Forward | Atlanta Hawks | NBA.com
2025-03-14 15:03:45 - Scraping data...
2025-03-14 15:03:45 - Scraping data...
All quarters printed 2023-24 Georges Niang
Georges Niang | Forward | Atlanta Hawks | NBA.com
2025-03-14 15:04:33 - Scraping data...
2025-03-14 15:04:33 - Scraping data...
All quarters printed 2022-23 Clint Capela
Clint Capela | Center | Atlanta Hawks | NBA.com
2025-03-14 15:05:20 - Scraping data...
2025-03-14 15:05:20 - Scraping data...
All quarters printed 2023-24 Clint Capela
Clint Capela | Center | Atlanta Hawks | NBA.com
2025-03-14 15:06:07 - Scraping data...
2025-03-14 15:06:07 - Scraping data...
All quarters printed 2022-23 Terance Mann
Terance Mann | Guard-Forward | Atlanta Hawks | NBA.com
2025-03-14 15:06:57 - Scraping data...
2025-03-14 15:06:57 - Scraping data...
All quarters printed 2023-24 Terance Mann
Terance Mann | Guard-Forward | Atlanta Hawks | NBA.com
2025-03-14 15:07:45 - Scraping data...
2025-03-14 15:07:45 - Scraping data...
All quarters printed 2022-23 Garrison Mathews
Garrison Mathews | Guard | Atlanta Hawks | NBA.com
2025-03-14 15:08:33 - Scraping data...
2025-03-14 15:08:33 - Scraping data...
All quarters printed 2023-24 Garrison Mathews
Garrison Mathews | Guard | Atlanta Hawks | NBA.com
2025-03-14 15:09:24 - Scraping data...
2025-03-14 15:09:24 - Scraping data...
All quarters printed 2022-23 Vit Krejci
V?t Krej?? | Guard | Atlanta Hawks | NBA.com
2025-03-14 15:10:13 - Scraping data...
2025-03-14 15:10:13 - Scraping data...
All quarters printed 2023-24 Vit Krejci
V?t Krej?? | Guard | Atlanta Hawks | NBA.com
2025-03-14 15:10:58 - Scraping data...
2025-03-14 15:10:58 - Scraping data...
All quarters printed 2022-23 Dominick Barlow
Dominick Barlow | Forward | Atlanta Hawks | NBA.com
2025-03-14 15:11:44 - Scraping data...
2025-03-14 15:11:44 - Scraping data...
All quarters printed 2023-24 Dominick Barlow
Dominick Barlow | Forward | Atlanta Hawks | NBA.com
2025-03-14 15:12:30 - Scraping data...
2025-03-14 15:12:30 - Scraping data...
All quarters printed 2022-23 LaMelo Ball
LaMelo Ball | Guard | Charlotte Hornets | NBA.com
2025-03-14 15:13:14 - Scraping data...
2025-03-14 15:13:14 - Scraping data...
All quarters printed 2023-24 LaMelo Ball
LaMelo Ball | Guard | Charlotte Hornets | NBA.com
2025-03-14 15:14:02 - Scraping data...
2025-03-14 15:14:02 - Scraping data...
All quarters printed 2022-23 DaQuan Jeffries
DaQuan Jeffries | Guard-Forward | Charlotte Hornets | NBA.com
2025-03-14 15:14:54 - Scraping data...
2025-03-14 15:14:54 - Scraping data...
All quarters printed 2023-24 DaQuan Jeffries
DaQuan Jeffries | Guard-Forward | Charlotte Hornets | NBA.com
2025-03-14 15:15:40 - Scraping data...
2025-03-14 15:15:40 - Scraping data...
All quarters printed 2022-23 Josh Green
Josh Green | Guard | Charlotte Hornets | NBA.com
2025-03-14 15:16:28 - Scraping data...
2025-03-14 15:16:28 - Scraping data...
All quarters printed 2023-24 Josh Green
Josh Green | Guard | Charlotte Hornets | NBA.com
2025-03-14 15:17:12 - Scraping data...
2025-03-14 15:17:12 - Scraping data...
All quarters printed 2022-23 Miles Bridges
Miles Bridges | Forward | Charlotte Hornets | NBA.com
2025-03-14 15:17:57 - Scraping data...
2025-03-14 15:17:57 - Scraping data...
All quarters printed 2023-24 Miles Bridges
Miles Bridges | Forward | Charlotte Hornets | NBA.com
2025-03-14 15:18:45 - Scraping data...
2025-03-14 15:18:45 - Scraping data...
All quarters printed 2022-23 Mark Williams
Mark Williams | Center | Charlotte Hornets | NBA.com
2025-03-14 15:19:30 - Scraping data...
2025-03-14 15:19:30 - Scraping data...
All quarters printed 2023-24 Mark Williams
Mark Williams | Center | Charlotte Hornets | NBA.com
2025-03-14 15:20:14 - Scraping data...
2025-03-14 15:20:14 - Scraping data...
All quarters printed 2022-23 Jusuf Nurkic
Jusuf Nurki? | Center | Charlotte Hornets | NBA.com
2025-03-14 15:21:01 - Scraping data...
2025-03-14 15:21:01 - Scraping data...
All quarters printed 2023-24 Jusuf Nurkic
Jusuf Nurki? | Center | Charlotte Hornets | NBA.com
2025-03-14 15:21:47 - Scraping data...
2025-03-14 15:21:47 - Scraping data...
All quarters printed 2022-23 Nick Smith
Nick Smith Jr. | Guard | Charlotte Hornets | NBA.com
2025-03-14 15:22:31 - Scraping data...
2025-03-14 15:22:31 - Scraping data...
All quarters printed 2023-24 Nick Smith
Nick Smith Jr. | Guard | Charlotte Hornets | NBA.com
2025-03-14 15:23:16 - Scraping data...
2025-03-14 15:23:16 - Scraping data...
All quarters printed 2022-23 Moussa Diabate
Moussa Diabat? | Forward | Charlotte Hornets | NBA.com
2025-03-14 15:24:01 - Scraping data...
2025-03-14 15:24:01 - Scraping data...
All quarters printed 2023-24 Moussa Diabate
Moussa Diabat? | Forward | Charlotte Hornets | NBA.com
2025-03-14 15:24:45 - Scraping data...
2025-03-14 15:24:45 - Scraping data...
All quarters printed 2022-23 Damion Baugh
Damion Baugh | Guard | Charlotte Hornets | NBA.com
2025-03-14 15:25:33 - Scraping data...
2025-03-14 15:25:33 - Scraping data...
All quarters printed 2023-24 Damion Baugh
Damion Baugh | Guard | Charlotte Hornets | NBA.com
2025-03-14 15:26:17 - Scraping data...
2025-03-14 15:26:17 - Scraping data...
All quarters printed 2022-23 Marcus Garrett
Marcus Garrett | Guard | Charlotte Hornets | NBA.com
2025-03-14 15:27:03 - Scraping data...
2025-03-14 15:27:03 - Scraping data...
All quarters printed 2023-24 Marcus Garrett
Marcus Garrett | Guard | Charlotte Hornets | NBA.com
2025-03-14 15:27:48 - Scraping data...
2025-03-14 15:27:48 - Scraping data...
All quarters printed 2022-23 Seth Curry
Seth Curry | Guard | Charlotte Hornets | NBA.com
2025-03-14 15:28:33 - Scraping data...
2025-03-14 15:28:33 - Scraping data...
All quarters printed 2023-24 Seth Curry
Seth Curry | Guard | Charlotte Hornets | NBA.com
2025-03-14 15:29:18 - Scraping data...
2025-03-14 15:29:18 - Scraping data...
All quarters printed 2022-23 Taj Gibson
Taj Gibson | Forward | Charlotte Hornets | NBA.com
2025-03-14 15:30:06 - Scraping data...
2025-03-14 15:30:06 - Scraping data...
All quarters printed 2023-24 Taj Gibson
Taj Gibson | Forward | Charlotte Hornets | NBA.com
2025-03-14 15:30:50 - Scraping data...
2025-03-14 15:30:50 - Scraping data...
All quarters printed 2022-23 Wendell Moore
Wendell Moore Jr. | Guard | Charlotte Hornets | NBA.com
2025-03-14 15:31:36 - Scraping data...
2025-03-14 15:31:36 - Scraping data...
All quarters printed 2023-24 Wendell Moore
Wendell Moore Jr. | Guard | Charlotte Hornets | NBA.com
2025-03-14 15:32:23 - Scraping data...
2025-03-14 15:32:23 - Scraping data...
All quarters printed 2022-23 Malachi Flynn
Malachi Flynn | Guard | NBA.com
2025-03-14 15:33:10 - Scraping data...
2025-03-14 15:33:10 - Scraping data...
All quarters printed 2023-24 Malachi Flynn
Malachi Flynn | Guard | NBA.com
2025-03-14 15:33:59 - Scraping data...
2025-03-14 15:33:59 - Scraping data...
All quarters printed 2022-23 Chris Paul
Chris Paul | Guard | San Antonio Spurs | NBA.com
2025-03-14 15:34:46 - Scraping data...
2025-03-14 15:34:46 - Scraping data...
All quarters printed 2023-24 Chris Paul
Chris Paul | Guard | San Antonio Spurs | NBA.com
2025-03-14 15:35:34 - Scraping data...
2025-03-14 15:35:34 - Scraping data...
All quarters printed 2022-23 Stephon Castle
Stephon Castle | Guard | San Antonio Spurs | NBA.com
2025-03-14 15:36:24 - Scraping data...
2025-03-14 15:36:24 - Scraping data...
All quarters printed 2023-24 Stephon Castle
Stephon Castle | Guard | San Antonio Spurs | NBA.com
2025-03-14 15:37:11 - Scraping data...
2025-03-14 15:37:11 - Scraping data...
All quarters printed 2022-23 Devin Vassell
Devin Vassell | Guard-Forward | San Antonio Spurs | NBA.com
2025-03-14 15:38:00 - Scraping data...
2025-03-14 15:38:00 - Scraping data...
All quarters printed 2023-24 Devin Vassell
Devin Vassell | Guard-Forward | San Antonio Spurs | NBA.com
2025-03-14 15:38:45 - Scraping data...
2025-03-14 15:38:45 - Scraping data...
All quarters printed 2022-23 Harrison Barnes
Harrison Barnes | Forward | San Antonio Spurs | NBA.com
2025-03-14 15:39:32 - Scraping data...
2025-03-14 15:39:32 - Scraping data...
All quarters printed 2023-24 Harrison Barnes
Harrison Barnes | Forward | San Antonio Spurs | NBA.com
2025-03-14 15:40:18 - Scraping data...
2025-03-14 15:40:18 - Scraping data...
All quarters printed 2022-23 Bismack Biyombo
Bismack Biyombo | Center | San Antonio Spurs | NBA.com
2025-03-14 15:41:11 - Scraping data...
2025-03-14 15:41:11 - Scraping data...
All quarters printed 2023-24 Bismack Biyombo
Bismack Biyombo | Center | San Antonio Spurs | NBA.com
2025-03-14 15:42:01 - Scraping data...
2025-03-14 15:42:01 - Scraping data...
All quarters printed 2022-23 Jeremy Sochan
Jeremy Sochan | Forward | San Antonio Spurs | NBA.com
2025-03-14 15:42:49 - Scraping data...
2025-03-14 15:42:49 - Scraping data...
All quarters printed 2023-24 Jeremy Sochan
Jeremy Sochan | Forward | San Antonio Spurs | NBA.com
2025-03-14 15:43:37 - Scraping data...
2025-03-14 15:43:37 - Scraping data...
All quarters printed 2022-23 Keldon Johnson
Keldon Johnson | Forward-Guard | San Antonio Spurs | NBA.com
2025-03-14 15:44:22 - Scraping data...
2025-03-14 15:44:22 - Scraping data...
All quarters printed 2023-24 Keldon Johnson
Keldon Johnson | Forward-Guard | San Antonio Spurs | NBA.com
2025-03-14 15:45:09 - Scraping data...
2025-03-14 15:45:09 - Scraping data...
All quarters printed 2022-23 Blake Wesley
Blake Wesley | Guard | San Antonio Spurs | NBA.com
2025-03-14 15:45:59 - Scraping data...
2025-03-14 15:45:59 - Scraping data...
All quarters printed 2023-24 Blake Wesley
Blake Wesley | Guard | San Antonio Spurs | NBA.com
2025-03-14 15:46:46 - Scraping data...
2025-03-14 15:46:46 - Scraping data...
All quarters printed 2022-23 Malaki Branham
Malaki Branham | Forward | San Antonio Spurs | NBA.com
2025-03-14 15:47:33 - Scraping data...
2025-03-14 15:47:33 - Scraping data...
All quarters printed 2023-24 Malaki Branham
Malaki Branham | Forward | San Antonio Spurs | NBA.com
2025-03-14 15:48:23 - Scraping data...
2025-03-14 15:48:23 - Scraping data...
All quarters printed 2022-23 Julian Champagnie
Julian Champagnie | Forward | San Antonio Spurs | NBA.com
2025-03-14 15:49:09 - Scraping data...
2025-03-14 15:49:09 - Scraping data...
All quarters printed 2023-24 Julian Champagnie
Julian Champagnie | Forward | San Antonio Spurs | NBA.com
2025-03-14 15:49:54 - Scraping data...
2025-03-14 15:49:54 - Scraping data...
All quarters printed 2022-23 Sandro Mamukelashvili
Sandro Mamukelashvili | Forward-Center | San Antonio Spurs | NBA.com
2025-03-14 15:50:41 - Scraping data...
2025-03-14 15:50:41 - Scraping data...
All quarters printed 2023-24 Sandro Mamukelashvili
Sandro Mamukelashvili | Forward-Center | San Antonio Spurs | NBA.com
2025-03-14 15:51:27 - Scraping data...
2025-03-14 15:51:27 - Scraping data...
All quarters printed 2022-23 Jordan McLaughlin
Jordan McLaughlin | Guard | San Antonio Spurs | NBA.com
2025-03-14 15:52:25 - Scraping data...
2025-03-14 15:52:25 - Scraping data...
All quarters printed 2023-24 Jordan McLaughlin
Jordan McLaughlin | Guard | San Antonio Spurs | NBA.com
